TN:
SF:src\controllers\tweetController.js
FN:11,(anonymous_0)
FN:25,(anonymous_1)
FN:36,(anonymous_2)
FN:45,(anonymous_3)
FN:55,(anonymous_4)
FNF:5
FNH:1
FNDA:0,(anonymous_0)
FNDA:2,(anonymous_1)
FNDA:0,(anonymous_2)
FNDA:0,(anonymous_3)
FNDA:0,(anonymous_4)
DA:11,1
DA:13,0
DA:14,0
DA:18,0
DA:21,0
DA:25,1
DA:26,2
DA:27,2
DA:28,1
DA:29,1
DA:31,1
DA:32,1
DA:36,1
DA:37,0
DA:38,0
DA:39,0
DA:41,0
DA:45,1
DA:46,0
DA:47,0
DA:48,0
DA:51,0
DA:55,1
DA:56,0
DA:57,0
DA:58,0
DA:61,0
LF:27
LH:11
BRF:0
BRH:0
end_of_record
TN:
SF:src\utils\responses.js
FN:3,(anonymous_0)
FN:17,(anonymous_1)
FNF:2
FNH:2
FNDA:1,(anonymous_0)
FNDA:1,(anonymous_1)
DA:3,1
DA:4,1
DA:5,1
DA:6,0
DA:11,1
DA:17,1
DA:18,1
LF:7
LH:6
BRDA:5,0,0,0
BRDA:5,0,1,1
BRF:2
BRH:1
end_of_record
TN:
SF:tests\mocker.js
FN:1,(anonymous_0)
FN:9,(anonymous_1)
FNF:2
FNH:2
FNDA:2,(anonymous_0)
FNDA:2,(anonymous_1)
DA:1,1
DA:2,2
DA:3,2
DA:4,2
DA:5,2
DA:6,2
DA:9,1
DA:10,2
DA:11,2
DA:12,2
DA:13,2
DA:14,2
LF:12
LH:12
BRF:0
BRH:0
end_of_record
